<?xml version="1.0" encoding="UTF-8"?>
<!-- Generated by org.testng.reporters.JUnitReportReporter -->
<testsuite hostname="LAPTOP-BHKF9L3F" failures="0" tests="1" name="selenium.pack.DynamicCheckboxRadios" time="119.820" errors="0" timestamp="2024-03-18T14:13:28 IST" skipped="0">
  <testcase classname="selenium.pack.DynamicCheckboxRadios" name="dynamicChckRadio" time="119.820"/>
</testsuite> <!-- selenium.pack.DynamicCheckboxRadios -->
