<?xml version="1.0" encoding="UTF-8"?>
<!-- Generated by org.testng.reporters.JUnitReportReporter -->
<testsuite hostname="LAPTOP-BHKF9L3F" failures="0" tests="2" name="selenium.pack.BrokenLinks" time="162.616" errors="0" timestamp="2024-05-16T18:40:27 IST" skipped="1">
  <testcase classname="selenium.pack.BrokenLinks" name="brokenLink2" time="162.616"/>
  <testcase classname="selenium.pack.BrokenLinks" name="openAmazon">
    <skipped/>
  </testcase> <!-- openAmazon -->
</testsuite> <!-- selenium.pack.BrokenLinks -->
