<?xml version="1.0" encoding="UTF-8"?>
<!-- Generated by org.testng.reporters.JUnitReportReporter -->
<testsuite hostname="LAPTOP-BHKF9L3F" failures="0" tests="2" name="selenium.pack.DynamicDropdown" time="12.603" errors="0" timestamp="2024-03-18T10:32:16 IST" skipped="1">
  <testcase classname="selenium.pack.DynamicDropdown" name="flipkart" time="12.603"/>
  <testcase classname="selenium.pack.DynamicDropdown" name="dynamicDropdown">
    <skipped/>
  </testcase> <!-- dynamicDropdown -->
</testsuite> <!-- selenium.pack.DynamicDropdown -->
