<?xml version="1.0" encoding="UTF-8"?>
<!-- Generated by org.testng.reporters.JUnitReportReporter -->
<testsuite hostname="LAPTOP-BHKF9L3F" failures="0" tests="1" name="selenium.pack.DynamicWTmethod3" time="148.657" errors="0" timestamp="2024-03-15T14:24:13 IST" skipped="0">
  <testcase classname="selenium.pack.DynamicWTmethod3" name="tabledata1" time="148.657"/>
</testsuite> <!-- selenium.pack.DynamicWTmethod3 -->
