<?xml version="1.0" encoding="UTF-8"?>
<!-- Generated by org.testng.reporters.JUnitReportReporter -->
<testsuite hostname="LAPTOP-BHKF9L3F" failures="0" tests="1" name="selenium.pack.DynamicCalMakemytrip" time="0.008" errors="0" timestamp="2024-05-16T09:29:56 IST" skipped="0">
  <testcase classname="selenium.pack.DynamicCalMakemytrip" name="date1" time="0.008"/>
</testsuite> <!-- selenium.pack.DynamicCalMakemytrip -->
