<?xml version="1.0" encoding="UTF-8"?>
<!-- Generated by org.testng.reporters.JUnitReportReporter -->
<testsuite hostname="LAPTOP-BHKF9L3F" failures="0" tests="1" name="selenium.pack.ShadowDOM" time="8.661" errors="0" timestamp="2024-04-22T15:51:44 IST" skipped="0">
  <testcase classname="selenium.pack.ShadowDOM" name="openbowser" time="8.661"/>
</testsuite> <!-- selenium.pack.ShadowDOM -->
