<?xml version="1.0" encoding="UTF-8"?>
<!-- Generated by org.testng.reporters.JUnitReportReporter -->
<testsuite hostname="LAPTOP-BHKF9L3F" failures="0" tests="1" name="selenium.pack.DynamicWTmethod2" time="33.728" errors="0" timestamp="2024-03-15T15:17:47 IST" skipped="0">
  <testcase classname="selenium.pack.DynamicWTmethod2" name="tabledata" time="33.728"/>
</testsuite> <!-- selenium.pack.DynamicWTmethod2 -->
