<?xml version="1.0" encoding="UTF-8"?>
<!-- Generated by org.testng.reporters.JUnitReportReporter -->
<testsuite hostname="LAPTOP-BHKF9L3F" failures="0" tests="1" name="selenium.pack.DynamicCalendars" time="14.811" errors="0" timestamp="2024-03-19T21:42:32 IST" skipped="0">
  <testcase classname="selenium.pack.DynamicCalendars" name="dynaCal3" time="14.811"/>
</testsuite> <!-- selenium.pack.DynamicCalendars -->
