<?xml version="1.0" encoding="UTF-8"?>
<!-- Generated by org.testng.reporters.JUnitReportReporter -->
<testsuite hostname="LAPTOP-BHKF9L3F" failures="0" tests="1" name="selenium.pack.DynamicWebTable" time="39.196" errors="0" timestamp="2024-03-15T15:37:39 IST" skipped="0">
  <testcase classname="selenium.pack.DynamicWebTable" name="tabledata" time="39.196"/>
</testsuite> <!-- selenium.pack.DynamicWebTable -->
