<?xml version="1.0" encoding="UTF-8"?>
<!-- Generated by org.testng.reporters.JUnitReportReporter -->
<testsuite hostname="LAPTOP-BHKF9L3F" failures="0" tests="1" name="selenium.pack.Bookingcom" time="10.291" errors="0" timestamp="2024-05-17T11:07:35 IST" skipped="0">
  <testcase classname="selenium.pack.Bookingcom" name="dynamicCalendar" time="10.291"/>
</testsuite> <!-- selenium.pack.Bookingcom -->
