<?xml version="1.0" encoding="UTF-8"?>
<!-- Generated by org.testng.reporters.JUnitReportReporter -->
<testsuite hostname="LAPTOP-BHKF9L3F" failures="0" tests="2" name="selenium.pack.EndcodeDecodePass" time="10.678" errors="0" timestamp="2024-04-22T16:25:42 IST" skipped="1">
  <testcase classname="selenium.pack.EndcodeDecodePass" name="endcode" time="10.678"/>
  <testcase classname="selenium.pack.EndcodeDecodePass" name="getEncode">
    <skipped/>
  </testcase> <!-- getEncode -->
</testsuite> <!-- selenium.pack.EndcodeDecodePass -->
